<?xml version="1.0" encoding="UTF-8"?>
<!-- Generated by org.testng.reporters.JUnitReportReporter -->
<testsuite hostname="USBLRSANBHOWMI1" name="cpsat.Set1A_1" tests="1" failures="0" timestamp="10 Sep 2021 05:22:42 GMT" time="0.000" errors="1">
  <testcase name="testMethod1" time="0.000" classname="cpsat.Set1A_1">
    <error type="org.openqa.selenium.SessionNotCreatedException" message="session not created
from disconnected: received Inspector.detached event
  (Session info: chrome=93.0.4577.63)
Build info: version: &#039;3.141.59&#039;, revision: &#039;e82be7d358&#039;, time: &#039;2018-11-14T08:17:03&#039;
System info: host: &#039;USBLRSANBHOWMI1&#039;, ip: &#039;192.168.225.44&#039;, os.name: &#039;Windows 10&#039;, os.arch: &#039;amd64&#039;, os.version: &#039;10.0&#039;, java.version: &#039;1.8.0_281&#039;
Driver info: driver.version: ChromeDriver
remote stacktrace: Backtrace:
	Ordinal0 [0x003D2A33+2501171]
	Ordinal0 [0x0036D1C1+2085313]
	Ordinal0 [0x00271FA8+1056680]
	Ordinal0 [0x00265474+1004660]
	Ordinal0 [0x002650B6+1003702]
	Ordinal0 [0x002647FA+1001466]
	Ordinal0 [0x0026398D+997773]
	Ordinal0 [0x00263C46+998470]
	Ordinal0 [0x00263535+996661]
	Ordinal0 [0x0026A0BD+1024189]
	Ordinal0 [0x002634F1+996593]
	Ordinal0 [0x00264416+1000470]
	Ordinal0 [0x0026398D+997773]
	Ordinal0 [0x00263C46+998470]
	Ordinal0 [0x00263535+996661]
	Ordinal0 [0x002692EC+1020652]
	Ordinal0 [0x002634F1+996593]
	Ordinal0 [0x00264416+1000470]
	Ordinal0 [0x0026398D+997773]
	Ordinal0 [0x00263C46+998470]
	Ordinal0 [0x00263535+996661]
	Ordinal0 [0x0025F10D+979213]
	Ordinal0 [0x002634F1+996593]
	Ordinal0 [0x00263290+995984]
	Ordinal0 [0x00263029+995369]
	Ordinal0 [0x002731C0+1061312]
	Ordinal0 [0x002BA93B+1354043]
	Ordinal0 [0x002B960A+1349130]
	Ordinal0 [0x002B551B+1332507]
	Ordinal0 [0x00291D74+1187188]
	Ordinal0 [0x00292BD9+1190873]
	GetHandleVerifier [0x0054EFE6+1504438]
	GetHandleVerifier [0x005FDDA5+2220661]
	GetHandleVerifier [0x00455589+481881]
	GetHandleVerifier [0x00454639+477961]
	Ordinal0 [0x003728BD+2107581]
	Ordinal0 [0x00376728+2123560]
	Ordinal0 [0x00376862+2123874]
	Ordinal0 [0x0037FA81+2161281]
	BaseThreadInitThunk [0x77966359+25]
	RtlGetAppContainerNamedObjectPath [0x77E987A4+228]
	RtlGetAppContainerNamedObjectPath [0x77E98774+180]
">
      <![CDATA[org.openqa.selenium.SessionNotCreatedException: session not created
from disconnected: received Inspector.detached event
  (Session info: chrome=93.0.4577.63)
Build info: version: '3.141.59', revision: 'e82be7d358', time: '2018-11-14T08:17:03'
System info: host: 'USBLRSANBHOWMI1', ip: '192.168.225.44', os.name: 'Windows 10', os.arch: 'amd64', os.version: '10.0', java.version: '1.8.0_281'
Driver info: driver.version: ChromeDriver
remote stacktrace: Backtrace:
	Ordinal0 [0x003D2A33+2501171]
	Ordinal0 [0x0036D1C1+2085313]
	Ordinal0 [0x00271FA8+1056680]
	Ordinal0 [0x00265474+1004660]
	Ordinal0 [0x002650B6+1003702]
	Ordinal0 [0x002647FA+1001466]
	Ordinal0 [0x0026398D+997773]
	Ordinal0 [0x00263C46+998470]
	Ordinal0 [0x00263535+996661]
	Ordinal0 [0x0026A0BD+1024189]
	Ordinal0 [0x002634F1+996593]
	Ordinal0 [0x00264416+1000470]
	Ordinal0 [0x0026398D+997773]
	Ordinal0 [0x00263C46+998470]
	Ordinal0 [0x00263535+996661]
	Ordinal0 [0x002692EC+1020652]
	Ordinal0 [0x002634F1+996593]
	Ordinal0 [0x00264416+1000470]
	Ordinal0 [0x0026398D+997773]
	Ordinal0 [0x00263C46+998470]
	Ordinal0 [0x00263535+996661]
	Ordinal0 [0x0025F10D+979213]
	Ordinal0 [0x002634F1+996593]
	Ordinal0 [0x00263290+995984]
	Ordinal0 [0x00263029+995369]
	Ordinal0 [0x002731C0+1061312]
	Ordinal0 [0x002BA93B+1354043]
	Ordinal0 [0x002B960A+1349130]
	Ordinal0 [0x002B551B+1332507]
	Ordinal0 [0x00291D74+1187188]
	Ordinal0 [0x00292BD9+1190873]
	GetHandleVerifier [0x0054EFE6+1504438]
	GetHandleVerifier [0x005FDDA5+2220661]
	GetHandleVerifier [0x00455589+481881]
	GetHandleVerifier [0x00454639+477961]
	Ordinal0 [0x003728BD+2107581]
	Ordinal0 [0x00376728+2123560]
	Ordinal0 [0x00376862+2123874]
	Ordinal0 [0x0037FA81+2161281]
	BaseThreadInitThunk [0x77966359+25]
	RtlGetAppContainerNamedObjectPath [0x77E987A4+228]
	RtlGetAppContainerNamedObjectPath [0x77E98774+180]

	at sun.reflect.NativeConstructorAccessorImpl.newInstance0(Native Method)
	at sun.reflect.NativeConstructorAccessorImpl.newInstance(Unknown Source)
	at sun.reflect.DelegatingConstructorAccessorImpl.newInstance(Unknown Source)
	at java.lang.reflect.Constructor.newInstance(Unknown Source)
	at org.openqa.selenium.remote.W3CHandshakeResponse.lambda$errorHandler$0(W3CHandshakeResponse.java:62)
	at org.openqa.selenium.remote.HandshakeResponse.lambda$getResponseFunction$0(HandshakeResponse.java:30)
	at org.openqa.selenium.remote.ProtocolHandshake.lambda$createSession$0(ProtocolHandshake.java:126)
	at java.util.stream.ReferencePipeline$3$1.accept(Unknown Source)
	at java.util.Spliterators$ArraySpliterator.tryAdvance(Unknown Source)
	at java.util.stream.ReferencePipeline.forEachWithCancel(Unknown Source)
	at java.util.stream.AbstractPipeline.copyIntoWithCancel(Unknown Source)
	at java.util.stream.AbstractPipeline.copyInto(Unknown Source)
	at java.util.stream.AbstractPipeline.wrapAndCopyInto(Unknown Source)
	at java.util.stream.FindOps$FindOp.evaluateSequential(Unknown Source)
	at java.util.stream.AbstractPipeline.evaluate(Unknown Source)
	at java.util.stream.ReferencePipeline.findFirst(Unknown Source)
	at org.openqa.selenium.remote.ProtocolHandshake.createSession(ProtocolHandshake.java:128)
	at org.openqa.selenium.remote.ProtocolHandshake.createSession(ProtocolHandshake.java:74)
	at org.openqa.selenium.remote.HttpCommandExecutor.execute(HttpCommandExecutor.java:136)
	at org.openqa.selenium.remote.service.DriverCommandExecutor.execute(DriverCommandExecutor.java:83)
	at org.openqa.selenium.remote.RemoteWebDriver.execute(RemoteWebDriver.java:552)
	at org.openqa.selenium.remote.RemoteWebDriver.startSession(RemoteWebDriver.java:213)
	at org.openqa.selenium.remote.RemoteWebDriver.<init>(RemoteWebDriver.java:131)
	at org.openqa.selenium.chrome.ChromeDriver.<init>(ChromeDriver.java:181)
	at org.openqa.selenium.chrome.ChromeDriver.<init>(ChromeDriver.java:168)
	at org.openqa.selenium.chrome.ChromeDriver.<init>(ChromeDriver.java:157)
	at cpsat.CommonUtility.init(Unknown Source)
	at cpsat.Set1A_1.setUp(Unknown Source)
	at sun.reflect.NativeMethodAccessorImpl.invoke0(Native Method)
	at sun.reflect.NativeMethodAccessorImpl.invoke(Unknown Source)
	at sun.reflect.DelegatingMethodAccessorImpl.invoke(Unknown Source)
	at java.lang.reflect.Method.invoke(Unknown Source)
	at org.testng.internal.MethodInvocationHelper.invokeMethod(MethodInvocationHelper.java:86)
	at org.testng.internal.Invoker.invokeConfigurationMethod(Invoker.java:514)
	at org.testng.internal.Invoker.invokeConfigurations(Invoker.java:215)
	at org.testng.internal.Invoker.invokeMethod(Invoker.java:589)
	at org.testng.internal.Invoker.invokeTestMethod(Invoker.java:822)
	at org.testng.internal.Invoker.invokeTestMethods(Invoker.java:1130)
	at org.testng.internal.TestMethodWorker.invokeTestMethods(TestMethodWorker.java:129)
	at org.testng.internal.TestMethodWorker.run(TestMethodWorker.java:112)
	at org.testng.TestRunner.privateRun(TestRunner.java:782)
	at org.testng.TestRunner.run(TestRunner.java:632)
	at org.testng.SuiteRunner.runTest(SuiteRunner.java:366)
	at org.testng.SuiteRunner.access$000(SuiteRunner.java:39)
	at org.testng.SuiteRunner$SuiteWorker.run(SuiteRunner.java:400)
	at org.testng.internal.thread.ThreadUtil$2.call(ThreadUtil.java:64)
	at java.util.concurrent.FutureTask.run(Unknown Source)
	at java.util.concurrent.ThreadPoolExecutor.runWorker(Unknown Source)
	at java.util.concurrent.ThreadPoolExecutor$Worker.run(Unknown Source)
	at java.lang.Thread.run(Unknown Source)
]]>
    </error>
  </testcase> <!-- testMethod1 -->
</testsuite> <!-- cpsat.Set1A_1 -->
